<?xml version="1.0" encoding="UTF-8"?>
<!-- Generated by org.testng.reporters.JUnitXMLReporter -->
<testsuite ignored="0" hostname="DESKTOP-0QBGJSL" failures="0" tests="3" name="Default test" time="67.886" errors="0" timestamp="2024-08-10T13:06:29 IST">
  <testcase classname="com.comcast.crm.orgtest.CreateOrganizationTest" name="createOrg" time="17.234"/>
  <testcase classname="com.comcast.crm.orgtest.CreateOrganizationTest" name="createOrgWithIndustry" time="11.351"/>
  <testcase classname="com.comcast.crm.orgtest.CreateOrganizationTest" name="createOrgWithPhoneNumber" time="10.788"/>
</testsuite> <!-- Default test -->
