<?xml version="1.0" encoding="UTF-8"?>
<testng-results ignored="0" total="3" passed="3" failed="0" skipped="0">
  <reporter-output>
  </reporter-output>
  <suite started-at="2024-08-10T13:05:20 IST" name="Default suite" finished-at="2024-08-10T13:06:28 IST" duration-ms="67886">
    <groups>
      <group name="regressionTest">
        <method signature="CreateOrganizationTest.createOrgWithIndustry()[pri:0, instance:com.comcast.crm.orgtest.CreateOrganizationTest@1283bb96]" name="createOrgWithIndustry" class="com.comcast.crm.orgtest.CreateOrganizationTest"/>
        <method signature="CreateOrganizationTest.createOrgWithPhoneNumber()[pri:0, instance:com.comcast.crm.orgtest.CreateOrganizationTest@1283bb96]" name="createOrgWithPhoneNumber" class="com.comcast.crm.orgtest.CreateOrganizationTest"/>
      </group> <!-- regressionTest -->
      <group name="smokeTest">
        <method signature="CreateOrganizationTest.createOrg()[pri:0, instance:com.comcast.crm.orgtest.CreateOrganizationTest@1283bb96]" name="createOrg" class="com.comcast.crm.orgtest.CreateOrganizationTest"/>
      </group> <!-- smokeTest -->
    </groups>
    <test started-at="2024-08-10T13:05:20 IST" name="Default test" finished-at="2024-08-10T13:06:28 IST" duration-ms="67886">
      <class name="com.comcast.crm.orgtest.CreateOrganizationTest">
        <test-method is-config="true" signature="configBS()[pri:0, instance:com.comcast.crm.orgtest.CreateOrganizationTest@1283bb96]" started-at="2024-08-10T13:05:20 IST" name="configBS" finished-at="2024-08-10T13:05:20 IST" duration-ms="144" status="PASS">
          <reporter-output>
          </reporter-output>
        </test-method> <!-- configBS -->
        <test-method is-config="true" signature="configBC()[pri:0, instance:com.comcast.crm.orgtest.CreateOrganizationTest@1283bb96]" started-at="2024-08-10T13:05:20 IST" name="configBC" finished-at="2024-08-10T13:05:27 IST" duration-ms="7682" status="PASS">
          <reporter-output>
          </reporter-output>
        </test-method> <!-- configBC -->
        <test-method is-config="true" signature="configBM()[pri:0, instance:com.comcast.crm.orgtest.CreateOrganizationTest@1283bb96]" started-at="2024-08-10T13:05:27 IST" name="configBM" finished-at="2024-08-10T13:05:35 IST" duration-ms="7332" status="PASS">
          <reporter-output>
          </reporter-output>
        </test-method> <!-- configBM -->
        <test-method signature="createOrg()[pri:0, instance:com.comcast.crm.orgtest.CreateOrganizationTest@1283bb96]" started-at="2024-08-10T13:05:35 IST" name="createOrg" finished-at="2024-08-10T13:05:52 IST" duration-ms="17234" status="PASS">
          <reporter-output>
          </reporter-output>
        </test-method> <!-- createOrg -->
        <test-method is-config="true" signature="configAM()[pri:0, instance:com.comcast.crm.orgtest.CreateOrganizationTest@1283bb96]" started-at="2024-08-10T13:05:52 IST" name="configAM" finished-at="2024-08-10T13:05:55 IST" duration-ms="2699" status="PASS">
          <reporter-output>
          </reporter-output>
        </test-method> <!-- configAM -->
        <test-method is-config="true" signature="configBM()[pri:0, instance:com.comcast.crm.orgtest.CreateOrganizationTest@1283bb96]" started-at="2024-08-10T13:05:55 IST" name="configBM" finished-at="2024-08-10T13:05:58 IST" duration-ms="3034" status="PASS">
          <reporter-output>
          </reporter-output>
        </test-method> <!-- configBM -->
        <test-method signature="createOrgWithIndustry()[pri:0, instance:com.comcast.crm.orgtest.CreateOrganizationTest@1283bb96]" started-at="2024-08-10T13:05:58 IST" name="createOrgWithIndustry" finished-at="2024-08-10T13:06:09 IST" duration-ms="11351" status="PASS">
          <reporter-output>
          </reporter-output>
        </test-method> <!-- createOrgWithIndustry -->
        <test-method is-config="true" signature="configAM()[pri:0, instance:com.comcast.crm.orgtest.CreateOrganizationTest@1283bb96]" started-at="2024-08-10T13:06:09 IST" name="configAM" finished-at="2024-08-10T13:06:11 IST" duration-ms="1565" status="PASS">
          <reporter-output>
          </reporter-output>
        </test-method> <!-- configAM -->
        <test-method is-config="true" signature="configBM()[pri:0, instance:com.comcast.crm.orgtest.CreateOrganizationTest@1283bb96]" started-at="2024-08-10T13:06:11 IST" name="configBM" finished-at="2024-08-10T13:06:14 IST" duration-ms="3063" status="PASS">
          <reporter-output>
          </reporter-output>
        </test-method> <!-- configBM -->
        <test-method signature="createOrgWithPhoneNumber()[pri:0, instance:com.comcast.crm.orgtest.CreateOrganizationTest@1283bb96]" started-at="2024-08-10T13:06:14 IST" name="createOrgWithPhoneNumber" finished-at="2024-08-10T13:06:25 IST" duration-ms="10788" status="PASS">
          <reporter-output>
          </reporter-output>
        </test-method> <!-- createOrgWithPhoneNumber -->
        <test-method is-config="true" signature="configAM()[pri:0, instance:com.comcast.crm.orgtest.CreateOrganizationTest@1283bb96]" started-at="2024-08-10T13:06:25 IST" name="configAM" finished-at="2024-08-10T13:06:26 IST" duration-ms="1649" status="PASS">
          <reporter-output>
          </reporter-output>
        </test-method> <!-- configAM -->
        <test-method is-config="true" signature="configAC()[pri:0, instance:com.comcast.crm.orgtest.CreateOrganizationTest@1283bb96]" started-at="2024-08-10T13:06:26 IST" name="configAC" finished-at="2024-08-10T13:06:28 IST" duration-ms="1413" status="PASS">
          <reporter-output>
          </reporter-output>
        </test-method> <!-- configAC -->
        <test-method is-config="true" signature="configAS()[pri:0, instance:com.comcast.crm.orgtest.CreateOrganizationTest@1283bb96]" started-at="2024-08-10T13:06:29 IST" name="configAS" finished-at="2024-08-10T13:06:29 IST" duration-ms="0" status="PASS">
          <reporter-output>
          </reporter-output>
        </test-method> <!-- configAS -->
      </class> <!-- com.comcast.crm.orgtest.CreateOrganizationTest -->
    </test> <!-- Default test -->
  </suite> <!-- Default suite -->
</testng-results>
